<?xml version="1.0" encoding="UTF-8"?>
<testng-results ignored="0" total="1" passed="1" failed="0" skipped="0">
  <reporter-output>
  </reporter-output>
  <suite started-at="2023-01-24T14:53:53 IST" name="Default suite" finished-at="2023-01-24T14:54:05 IST" duration-ms="11835">
    <groups>
    </groups>
    <test started-at="2023-01-24T14:53:53 IST" name="Default test" finished-at="2023-01-24T14:54:05 IST" duration-ms="11835">
      <class name="Test.LoginTest1">
        <test-method is-config="true" signature="setUp()[pri:0, instance:Test.LoginTest1@e7edb54]" started-at="2023-01-24T14:53:53 IST" name="setUp" finished-at="2023-01-24T14:53:56 IST" duration-ms="3692" status="PASS">
          <reporter-output>
          </reporter-output>
        </test-method> <!-- setUp -->
        <test-method signature="Login()[pri:0, instance:Test.LoginTest1@e7edb54]" started-at="2023-01-24T14:53:56 IST" name="Login" finished-at="2023-01-24T14:54:05 IST" duration-ms="8078" status="PASS">
          <reporter-output>
          </reporter-output>
        </test-method> <!-- Login -->
      </class> <!-- Test.LoginTest1 -->
    </test> <!-- Default test -->
  </suite> <!-- Default suite -->
</testng-results>
